Start testing: Jul 18 18:32 RTZ 2 (ceia)
----------------------------------------------------------
1/1 Testing: UriTests
1/1 Test: UriTests
Command: "D:/PROJECTS/test/Excalibur/build/Uri/test/Debug/UriTests.exe"
Directory: D:/PROJECTS/test/Excalibur/build/Uri/test
"UriTests" start time: Jul 18 18:32 RTZ 2 (ceia)
Output:
----------------------------------------------------------
Running main() from D:\PROJECTS\test\Excalibur\googletest\googletest\src\gtest_main.cc
[==========] Running 1 test from 1 test suite.
[----------] Global test environment set-up.
[----------] 1 test from UriTests
[ RUN      ] UriTests.Placeholder
[       OK ] UriTests.Placeholder (0 ms)
[----------] 1 test from UriTests (0 ms total)

[----------] Global test environment tear-down
[==========] 1 test from 1 test suite ran. (0 ms total)
[  PASSED  ] 1 test.
<end of output>
Test time =   0.01 sec
----------------------------------------------------------
Test Passed.
"UriTests" end time: Jul 18 18:32 RTZ 2 (ceia)
"UriTests" time elapsed: 00:00:00
----------------------------------------------------------

End testing: Jul 18 18:32 RTZ 2 (ceia)
